<?xml version="1.0" encoding="UTF-8"?>
<!-- Generated by org.testng.reporters.JUnitReportReporter -->
<testsuite skipped="0" hostname="DESKTOP-KUVK3PK" name="runners.GooglePageRunner" tests="2" failures="1" timestamp="2023-03-08T20:30:44 IST" time="135.434" errors="0">
  <testcase name="runScenario" time="79.611" classname="runners.GooglePageRunner">
    <failure type="java.lang.AssertionError" message="expected [Java Tutorial - Google Search Page] but found [Java Tutorial - Google Search]">
      <![CDATA[java.lang.AssertionError: expected [Java Tutorial - Google Search Page] but found [Java Tutorial - Google Search]
at org.testng.Assert.fail(Assert.java:110)
at org.testng.Assert.failNotEquals(Assert.java:1413)
at org.testng.Assert.assertEqualsImpl(Assert.java:149)
at org.testng.Assert.assertEquals(Assert.java:131)
at org.testng.Assert.assertEquals(Assert.java:655)
at org.testng.Assert.assertEquals(Assert.java:665)
at stepDefs.GoogleStepDef.should_display_java_result_page(GoogleStepDef.java:37)
at ✽.should display Java Result Page(file:///F:/Dharun/workspace/SDETTrainingWS/BDDSampleB1/src/test/resources/features/GooglePageSearch.feature:8)
]]>
    </failure>
  </testcase> <!-- runScenario -->
  <system-out/>
  <testcase name="runScenario" time="55.823" classname="runners.GooglePageRunner"/>
  <system-out/>
</testsuite> <!-- runners.GooglePageRunner -->
